0 info it worked if it ends with ok
1 verbose cli [ '/usr/local/bin/node', '/usr/local/bin/npm', 'start' ]
2 info using npm@3.10.10
3 info using node@v7.2.1
4 verbose run-script [ 'prestart', 'start', 'poststart' ]
5 info lifecycle css-shorthand-expander@1.0.0~prestart: css-shorthand-expander@1.0.0
6 silly lifecycle css-shorthand-expander@1.0.0~prestart: no script for prestart, continuing
7 info lifecycle css-shorthand-expander@1.0.0~start: css-shorthand-expander@1.0.0
8 verbose lifecycle css-shorthand-expander@1.0.0~start: unsafe-perm in lifecycle true
9 verbose lifecycle css-shorthand-expander@1.0.0~start: PATH: /usr/local/lib/node_modules/npm/bin/node-gyp-bin:/Users/mashah/css-shorthand-expander/node_modules/.bin:/usr/local/ant/bin:/usr/local/bin:/usr/bin:/bin:/usr/sbin:/sbin:/usr/local/linkedin/bin:/export/content/linkedin/bin::/usr/local/mysql/bin:/usr/local/bin
10 verbose lifecycle css-shorthand-expander@1.0.0~start: CWD: /Users/mashah/css-shorthand-expander
11 silly lifecycle css-shorthand-expander@1.0.0~start: Args: [ '-c',
11 silly lifecycle   'node ./src/updateBasicDataUnits.js && ./src/data/formatData.js && node ./src/formatFormalSyntaxes.js && node ./src/formatGrammars.js' ]
12 silly lifecycle css-shorthand-expander@1.0.0~start: Returned: code: 2  signal: null
13 info lifecycle css-shorthand-expander@1.0.0~start: Failed to exec start script
14 verbose stack Error: css-shorthand-expander@1.0.0 start: `node ./src/updateBasicDataUnits.js && ./src/data/formatData.js && node ./src/formatFormalSyntaxes.js && node ./src/formatGrammars.js`
14 verbose stack Exit status 2
14 verbose stack     at EventEmitter.<anonymous> (/usr/local/lib/node_modules/npm/lib/utils/lifecycle.js:255:16)
14 verbose stack     at emitTwo (events.js:106:13)
14 verbose stack     at EventEmitter.emit (events.js:191:7)
14 verbose stack     at ChildProcess.<anonymous> (/usr/local/lib/node_modules/npm/lib/utils/spawn.js:40:14)
14 verbose stack     at emitTwo (events.js:106:13)
14 verbose stack     at ChildProcess.emit (events.js:191:7)
14 verbose stack     at maybeClose (internal/child_process.js:885:16)
14 verbose stack     at Process.ChildProcess._handle.onexit (internal/child_process.js:226:5)
15 verbose pkgid css-shorthand-expander@1.0.0
16 verbose cwd /Users/mashah/css-shorthand-expander
17 error Darwin 16.4.0
18 error argv "/usr/local/bin/node" "/usr/local/bin/npm" "start"
19 error node v7.2.1
20 error npm  v3.10.10
21 error code ELIFECYCLE
22 error css-shorthand-expander@1.0.0 start: `node ./src/updateBasicDataUnits.js && ./src/data/formatData.js && node ./src/formatFormalSyntaxes.js && node ./src/formatGrammars.js`
22 error Exit status 2
23 error Failed at the css-shorthand-expander@1.0.0 start script 'node ./src/updateBasicDataUnits.js && ./src/data/formatData.js && node ./src/formatFormalSyntaxes.js && node ./src/formatGrammars.js'.
23 error Make sure you have the latest version of node.js and npm installed.
23 error If you do, this is most likely a problem with the css-shorthand-expander package,
23 error not with npm itself.
23 error Tell the author that this fails on your system:
23 error     node ./src/updateBasicDataUnits.js && ./src/data/formatData.js && node ./src/formatFormalSyntaxes.js && node ./src/formatGrammars.js
23 error You can get information on how to open an issue for this project with:
23 error     npm bugs css-shorthand-expander
23 error Or if that isn't available, you can get their info via:
23 error     npm owner ls css-shorthand-expander
23 error There is likely additional logging output above.
24 verbose exit [ 1, true ]
